c:\users\bastian krueger\desktop\projekte\gamemodeldll\gamemodeldll\x64\release\gamemodeldll.pch
c:\users\bastian krueger\desktop\projekte\gamemodeldll\gamemodeldll\x64\release\vc143.pdb
c:\users\bastian krueger\desktop\projekte\gamemodeldll\gamemodeldll\x64\release\pch.obj
c:\users\bastian krueger\desktop\projekte\gamemodeldll\gamemodeldll\x64\release\interactionpool.obj
c:\users\bastian krueger\desktop\projekte\gamemodeldll\gamemodeldll\x64\release\interactionmanager.obj
c:\users\bastian krueger\desktop\projekte\gamemodeldll\gamemodeldll\x64\release\idleencounter.obj
c:\users\bastian krueger\desktop\projekte\gamemodeldll\gamemodeldll\x64\release\gamemodellib.obj
c:\users\bastian krueger\desktop\projekte\gamemodeldll\gamemodeldll\x64\release\game.obj
c:\users\bastian krueger\desktop\projekte\gamemodeldll\gamemodeldll\x64\release\encounterpool.obj
c:\users\bastian krueger\desktop\projekte\gamemodeldll\gamemodeldll\x64\release\encountermanager.obj
c:\users\bastian krueger\desktop\projekte\gamemodeldll\gamemodeldll\x64\release\dllmain.obj
c:\users\bastian krueger\desktop\projekte\gamemodeldll\gamemodeldll\x64\release\dieinteraction.obj
c:\users\bastian krueger\desktop\projekte\gamemodeldll\gamemodeldll\x64\release\combatencounter.obj
c:\users\bastian krueger\desktop\projekte\gamemodeldll\gamemodeldll\x64\release\character.obj
c:\users\bastian krueger\desktop\projekte\gamemodeldll\gamemodeldll\x64\release\baseinteraction.obj
c:\users\bastian krueger\desktop\projekte\gamemodeldll\gamemodeldll\x64\release\baseencounter.obj
c:\users\bastian krueger\desktop\projekte\gamemodeldll\gamemodeldll\x64\release\basecard.obj
c:\users\bastian krueger\desktop\projekte\gamemodeldll\gamemodeldll\x64\release\damageinteraction.obj
c:\users\bastian krueger\desktop\projekte\gamemodeldll\gamemodeldll\x64\release\characterpool.obj
c:\users\bastian krueger\desktop\projekte\gamemodeldll\gamemodeldll\x64\release\cardpool.obj
c:\users\bastian krueger\desktop\projekte\gamemodeldll\gamemodeldll\x64\release\beforeinteraction.obj
c:\users\bastian krueger\desktop\projekte\gamemodeldll\gamemodeldll\x64\release\attackcard.obj
c:\users\bastian krueger\desktop\projekte\gamemodeldll\gamemodeldll\x64\release\afterinteraction.obj
c:\users\bastian krueger\desktop\projekte\gamemodeldll\gamemodeldll\x64\release\testenemy.obj
c:\users\bastian krueger\desktop\projekte\gamemodeldll\gamemodeldll\x64\release\playinteraction.obj
c:\users\bastian krueger\desktop\projekte\gamemodeldll\gamemodeldll\x64\release\player.obj
c:\users\bastian krueger\desktop\projekte\gamemodeldll\gamemodeldll\x64\release\performinteraction.obj
c:\users\bastian krueger\desktop\projekte\gamemodeldll\gamemodeldll\x64\release\interactor.obj
c:\users\bastian krueger\desktop\projekte\idle roguelike\assets\plugins\gamemodeldll.dll
c:\users\bastian krueger\desktop\projekte\gamemodeldll\gamemodeldll\x64\release\gamemodeldll.ipdb
c:\users\bastian krueger\desktop\projekte\idle roguelike\assets\plugins\gamemodeldll.pdb
c:\users\bastian krueger\desktop\projekte\gamemodeldll\gamemodeldll\x64\release\gamemodeldll.iobj
c:\users\bastian krueger\desktop\projekte\idle roguelike\assets\plugins\gamemodeldll.lib
c:\users\bastian krueger\desktop\projekte\idle roguelike\assets\plugins\gamemodeldll.exp
c:\users\bastian krueger\desktop\projekte\gamemodeldll\gamemodeldll\x64\release\gamemodeldll.tlog\cl.command.1.tlog
c:\users\bastian krueger\desktop\projekte\gamemodeldll\gamemodeldll\x64\release\gamemodeldll.tlog\cl.read.1.tlog
c:\users\bastian krueger\desktop\projekte\gamemodeldll\gamemodeldll\x64\release\gamemodeldll.tlog\cl.write.1.tlog
c:\users\bastian krueger\desktop\projekte\gamemodeldll\gamemodeldll\x64\release\gamemodeldll.tlog\link.command.1.tlog
c:\users\bastian krueger\desktop\projekte\gamemodeldll\gamemodeldll\x64\release\gamemodeldll.tlog\link.read.1.tlog
c:\users\bastian krueger\desktop\projekte\gamemodeldll\gamemodeldll\x64\release\gamemodeldll.tlog\link.write.1.tlog
c:\users\bastian krueger\desktop\projekte\gamemodeldll\gamemodeldll\x64\release\gamemodeldll.tlog\link.write.2u.tlog
