C:\Program Files\Microsoft Visual Studio\2022\Community\MSBuild\Microsoft\VC\v170\Microsoft.CppBuild.targets(503,5): warning MSB8004: Output Directory does not end with a trailing slash.  This build instance will add the slash as it is required to allow proper evaluation of the Output Directory.
  pch.cpp
  AdventureLog.cpp
  AfterInteraction.cpp
  AttackCard.cpp
  BeforeInteraction.cpp
  CardPool.cpp
  CharacterPool.cpp
  DamageInteraction.cpp
  BaseCard.cpp
  BaseEncounter.cpp
  BaseInteraction.cpp
  Character.cpp
  CombatEncounter.cpp
  DieInteraction.cpp
  dllmain.cpp
  EncounterManager.cpp
  EncounterPool.cpp
  Game.cpp
  GameModelLib.cpp
  IdleEncounter.cpp
  InteractionManager.cpp
  Compiling...
  InteractionPool.cpp
  InterActor.cpp
  LocalizedString.cpp
  Localizer.cpp
  PerformInteraction.cpp
  Player.cpp
  PlayInteraction.cpp
  TestEnemy.cpp
     Creating library ..\..\Idle Roguelike\Assets\Plugins\__GameModelDLL.lib and object ..\..\Idle Roguelike\Assets\Plugins\__GameModelDLL.exp
  Generating code
  Previous IPDB not found, fall back to full compilation.
  All 2359 functions were compiled because no usable IPDB/IOBJ from previous compilation was found.
  Finished generating code
  GameModelDLL.vcxproj -> C:\Users\Bastian Krueger\Desktop\Projekte\Idle Roguelike\Assets\Plugins\__GameModelDLL.dll
